Arguments: 
  /Users/xyh/.volta/tools/image/node/14.18.0/bin/node /Users/xyh/.volta/tools/image/yarn/1.22.11/bin/yarn.js init

PATH: 
  /Users/xyh/.volta/tools/image/yarn/1.22.11/bin:/Users/xyh/.volta/tools/image/node/14.18.0/bin:/Users/xyh/.volta/bin:./node_modules/.bin:/usr/local/sbin:/Users/xyh/.homebin:/Users/xyh/.volta/bin:./node_modules/.bin:/usr/local/sbin:/Users/xyh/.homebin:/Users/xyh/.volta/bin:./node_modules/.bin:/usr/local/sbin:/Users/xyh/.homebin:/Users/xyh/.volta/bin:./node_modules/.bin:/usr/local/sbin:/Users/xyh/.homebin:/Users/xyh/.volta/bin:./node_modules/.bin:/usr/local/sbin:/Users/xyh/.homebin:/usr/local/bin:/usr/bin:/bin:/usr/sbin:/sbin:/usr/local/go/bin:/usr/local/share/dotnet:~/.dotnet/tools:/Library/Apple/usr/bin:/Library/Frameworks/Mono.framework/Versions/Current/Commands:/Users/xyh/.volta/bin:./node_modules/.bin:/usr/local/sbin:/Users/xyh/.homebin:/Users/xyh/.local/share/zinit/polaris/bin:/Users/xyh/.cargo/bin:/usr/local/opt/fzf/bin

Yarn version: 
  1.22.11

Node version: 
  14.18.0

Platform: 
  darwin x64

Trace: 
  Error: canceled
      at Interface.<anonymous> (/Users/xyh/.volta/tools/image/yarn/1.22.11/lib/cli.js:137023:13)
      at Interface.emit (events.js:400:28)
      at Interface._ttyWrite (readline.js:1001:16)
      at ReadStream.onkeypress (readline.js:265:10)
      at ReadStream.emit (events.js:400:28)
      at emitKeys (internal/readline/utils.js:358:14)
      at emitKeys.next (<anonymous>)
      at ReadStream.onData (readline.js:1270:36)
      at ReadStream.emit (events.js:400:28)
      at addChunk (internal/streams/readable.js:293:12)

npm manifest: 
  No manifest

yarn manifest: 
  No manifest

Lockfile: 
  No lockfile
